[debug] [2026-06-02T06:23:06.062Z] ----------------------------------------------------------------------
[debug] [2026-06-02T06:23:06.063Z] Command:       /Users/oscargarita/.nvm/versions/node/v22.20.0/bin/node /Users/oscargarita/.nvm/versions/node/v22.20.0/bin/firebase emulators:start
[debug] [2026-06-02T06:23:06.063Z] CLI Version:   15.19.0
[debug] [2026-06-02T06:23:06.063Z] Platform:      darwin
[debug] [2026-06-02T06:23:06.064Z] Node Version:  v22.20.0
[debug] [2026-06-02T06:23:06.064Z] Time:          Tue Jun 02 2026 00:23:06 GMT-0600 (Central Standard Time)
[debug] [2026-06-02T06:23:06.064Z] ----------------------------------------------------------------------
[debug] 
[debug] [2026-06-02T06:23:06.507Z] > command requires scopes: ["email","openid","https://www.googleapis.com/auth/cloudplatformprojects.readonly","https://www.googleapis.com/auth/firebase","https://www.googleapis.com/auth/cloud-platform"]
[debug] [2026-06-02T06:23:06.507Z] > authorizing via signed-in user (oxcargasa@gmail.com)
[debug] [2026-06-02T06:23:07.054Z] openjdk version "26.0.1" 2026-04-21
OpenJDK Runtime Environment Temurin-26.0.1+8 (build 26.0.1+8)

[debug] [2026-06-02T06:23:07.054Z] OpenJDK 64-Bit Server VM Temurin-26.0.1+8 (build 26.0.1+8, mixed mode, sharing)

[debug] [2026-06-02T06:23:07.061Z] Parsed Java major version: 26
[info] i  emulators: Starting emulators: auth, functions, firestore, extensions {"metadata":{"emulator":{"name":"hub"},"message":"Starting emulators: auth, functions, firestore, extensions"}}
[debug] [2026-06-02T06:23:07.062Z] Checked if tokens are valid: true, expires at: 1780384756344
[debug] [2026-06-02T06:23:07.062Z] Checked if tokens are valid: true, expires at: 1780384756344
[debug] [2026-06-02T06:23:07.062Z] >>> [apiv2][query] GET https://serviceusage.googleapis.com/v1/projects/quiniela-ee895/services/cloudresourcemanager.googleapis.com [none]
[debug] [2026-06-02T06:23:07.062Z] >>> [apiv2][(partial)header] GET https://serviceusage.googleapis.com/v1/projects/quiniela-ee895/services/cloudresourcemanager.googleapis.com  x-goog-user-project=quiniela-ee895
[debug] [2026-06-02T06:23:07.582Z] <<< [apiv2][status] GET https://serviceusage.googleapis.com/v1/projects/quiniela-ee895/services/cloudresourcemanager.googleapis.com 200
[debug] [2026-06-02T06:23:07.582Z] <<< [apiv2][body] GET https://serviceusage.googleapis.com/v1/projects/quiniela-ee895/services/cloudresourcemanager.googleapis.com [omitted]
[debug] [2026-06-02T06:23:07.592Z] Checked if tokens are valid: true, expires at: 1780384756344
[debug] [2026-06-02T06:23:07.592Z] Checked if tokens are valid: true, expires at: 1780384756344
[debug] [2026-06-02T06:23:07.592Z] >>> [apiv2][query] GET https://cloudresourcemanager.googleapis.com/v1/projects/quiniela-ee895 [none]
[debug] [2026-06-02T06:23:07.897Z] <<< [apiv2][status] GET https://cloudresourcemanager.googleapis.com/v1/projects/quiniela-ee895 200
[debug] [2026-06-02T06:23:07.897Z] <<< [apiv2][body] GET https://cloudresourcemanager.googleapis.com/v1/projects/quiniela-ee895 {"projectNumber":"402031767692","projectId":"quiniela-ee895","lifecycleState":"ACTIVE","name":"quiniela","labels":{"firebase":"enabled","firebase-core":"disabled"},"createTime":"2026-06-02T05:46:19.354Z"}
[debug] [2026-06-02T06:23:08.375Z] [logging] Logging Emulator only supports listening on one address (127.0.0.1). Not listening on ::1
[debug] [2026-06-02T06:23:08.375Z] [auth] Authentication Emulator only supports listening on one address (127.0.0.1). Not listening on ::1
[debug] [2026-06-02T06:23:08.375Z] [firestore] Firestore Emulator only supports listening on one address (127.0.0.1). Not listening on ::1
[debug] [2026-06-02T06:23:08.375Z] [firestore.websocket] websocket server for firestore only supports listening on one address (127.0.0.1). Not listening on ::1
[debug] [2026-06-02T06:23:08.375Z] assigned listening specs for emulators {"user":{"hub":[{"address":"127.0.0.1","family":"IPv4","port":4400},{"address":"::1","family":"IPv6","port":4400}],"ui":[{"address":"127.0.0.1","family":"IPv4","port":4000},{"address":"::1","family":"IPv6","port":4000}],"logging":[{"address":"127.0.0.1","family":"IPv4","port":4500}],"auth":[{"address":"127.0.0.1","family":"IPv4","port":9099}],"firestore":[{"address":"127.0.0.1","family":"IPv4","port":8080}],"firestore.websocket":[{"address":"127.0.0.1","family":"IPv4","port":9150}]},"metadata":{"message":"assigned listening specs for emulators"}}
[debug] [2026-06-02T06:23:08.380Z] Write emulator hub locator at /var/folders/tx/3n8xp2_n2532dck68skmh3nr0000gn/T/hub-quiniela-ee895.json
[debug] [2026-06-02T06:23:08.383Z] [Extensions] Started Extensions emulator, this is a noop.
[debug] [2026-06-02T06:23:08.615Z] [functions] Functions Emulator only supports listening on one address (127.0.0.1). Not listening on ::1
[debug] [2026-06-02T06:23:08.615Z] [eventarc] Eventarc Emulator only supports listening on one address (127.0.0.1). Not listening on ::1
[debug] [2026-06-02T06:23:08.615Z] [tasks] Cloud Tasks Emulator only supports listening on one address (127.0.0.1). Not listening on ::1
[debug] [2026-06-02T06:23:08.615Z] late-assigned ports for functions and eventarc emulators {"user":{"hub":[{"address":"127.0.0.1","family":"IPv4","port":4400},{"address":"::1","family":"IPv6","port":4400}],"ui":[{"address":"127.0.0.1","family":"IPv4","port":4000},{"address":"::1","family":"IPv6","port":4000}],"logging":[{"address":"127.0.0.1","family":"IPv4","port":4500}],"auth":[{"address":"127.0.0.1","family":"IPv4","port":9099}],"firestore":[{"address":"127.0.0.1","family":"IPv4","port":8080}],"firestore.websocket":[{"address":"127.0.0.1","family":"IPv4","port":9150}],"functions":[{"address":"127.0.0.1","family":"IPv4","port":5001}],"eventarc":[{"address":"127.0.0.1","family":"IPv4","port":9299}],"tasks":[{"address":"127.0.0.1","family":"IPv4","port":9499}]},"metadata":{"message":"late-assigned ports for functions and eventarc emulators"}}
[warn] ⚠  functions: The following emulators are not running, calls to these services from the Functions emulator will affect production: apphosting, database, hosting, pubsub, storage, dataconnect {"metadata":{"emulator":{"name":"functions"},"message":"The following emulators are not running, calls to these services from the Functions emulator will affect production: \u001b[1mapphosting, database, hosting, pubsub, storage, dataconnect\u001b[22m"}}
[debug] [2026-06-02T06:23:08.629Z] defaultcredentials: writing to file /Users/oscargarita/.config/firebase/oxcargasa_gmail_com_application_default_credentials.json
[debug] [2026-06-02T06:23:08.629Z] Setting GAC to /Users/oscargarita/.config/firebase/oxcargasa_gmail_com_application_default_credentials.json {"metadata":{"emulator":{"name":"functions"},"message":"Setting GAC to /Users/oscargarita/.config/firebase/oxcargasa_gmail_com_application_default_credentials.json"}}
[debug] [2026-06-02T06:23:08.629Z] Checked if tokens are valid: true, expires at: 1780384756344
[debug] [2026-06-02T06:23:08.629Z] Checked if tokens are valid: true, expires at: 1780384756344
[debug] [2026-06-02T06:23:08.629Z] >>> [apiv2][query] GET https://firebase.googleapis.com/v1beta1/projects/quiniela-ee895/adminSdkConfig [none]
[debug] [2026-06-02T06:23:09.121Z] <<< [apiv2][status] GET https://firebase.googleapis.com/v1beta1/projects/quiniela-ee895/adminSdkConfig 200
[debug] [2026-06-02T06:23:09.121Z] <<< [apiv2][body] GET https://firebase.googleapis.com/v1beta1/projects/quiniela-ee895/adminSdkConfig {"projectId":"quiniela-ee895","storageBucket":"quiniela-ee895.firebasestorage.app"}
[info] i  firestore: downloading cloud-firestore-emulator-v1.21.0.jar... {"metadata":{"emulator":{"name":"firestore"},"message":"downloading cloud-firestore-emulator-v1.21.0.jar..."}}
[debug] [2026-06-02T06:23:09.134Z] >>> [apiv2][query] GET https://storage.googleapis.com/firebase-preview-drop/emulator/cloud-firestore-emulator-v1.21.0.jar 
[debug] [2026-06-02T06:23:09.445Z] <<< [apiv2][status] GET https://storage.googleapis.com/firebase-preview-drop/emulator/cloud-firestore-emulator-v1.21.0.jar 200
[debug] [2026-06-02T06:23:09.445Z] <<< [apiv2][body] GET https://storage.googleapis.com/firebase-preview-drop/emulator/cloud-firestore-emulator-v1.21.0.jar [stream]
[debug] [2026-06-02T06:26:06.617Z] Ignoring unsupported arg: auto_download {"metadata":{"emulator":{"name":"firestore"},"message":"Ignoring unsupported arg: auto_download"}}
[debug] [2026-06-02T06:26:06.617Z] Ignoring unsupported arg: single_project_mode_error {"metadata":{"emulator":{"name":"firestore"},"message":"Ignoring unsupported arg: single_project_mode_error"}}
[debug] [2026-06-02T06:26:06.617Z] Starting Firestore Emulator with command {"binary":"java","args":["-Dgoogle.cloud_firestore.debug_log_level=FINE","-Duser.language=en","-jar","/Users/oscargarita/.cache/firebase/emulators/cloud-firestore-emulator-v1.21.0.jar","--host","127.0.0.1","--port",8080,"--websocket_port",9150,"--database-edition","standard","--project_id","quiniela-ee895","--rules","/Users/oscargarita/dev/quiniela/firestore.rules","--single_project_mode",true,"--functions_emulator","127.0.0.1:5001"],"optionalArgs":["port","webchannel_port","host","rules","websocket_port","database-edition","functions_emulator","seed_from_export","project_id","single_project_mode"],"joinArgs":false,"shell":false,"port":8080} {"metadata":{"emulator":{"name":"firestore"},"message":"Starting Firestore Emulator with command {\"binary\":\"java\",\"args\":[\"-Dgoogle.cloud_firestore.debug_log_level=FINE\",\"-Duser.language=en\",\"-jar\",\"/Users/oscargarita/.cache/firebase/emulators/cloud-firestore-emulator-v1.21.0.jar\",\"--host\",\"127.0.0.1\",\"--port\",8080,\"--websocket_port\",9150,\"--database-edition\",\"standard\",\"--project_id\",\"quiniela-ee895\",\"--rules\",\"/Users/oscargarita/dev/quiniela/firestore.rules\",\"--single_project_mode\",true,\"--functions_emulator\",\"127.0.0.1:5001\"],\"optionalArgs\":[\"port\",\"webchannel_port\",\"host\",\"rules\",\"websocket_port\",\"database-edition\",\"functions_emulator\",\"seed_from_export\",\"project_id\",\"single_project_mode\"],\"joinArgs\":false,\"shell\":false,\"port\":8080}"}}
[info] i  firestore: Firestore Emulator logging to firestore-debug.log {"metadata":{"emulator":{"name":"firestore"},"message":"Firestore Emulator logging to \u001b[1mfirestore-debug.log\u001b[22m"}}
[debug] [2026-06-02T06:26:06.934Z] WARNING: A terminally deprecated method in sun.misc.Unsafe has been called
WARNING: sun.misc.Unsafe::allocateMemory has been called by io.netty.util.internal.PlatformDependent0$2 (file:/Users/oscargarita/.cache/firebase/emulators/cloud-firestore-emulator-v1.21.0.jar)
WARNING: Please consider reporting this to the maintainers of class io.netty.util.internal.PlatformDependent0$2
WARNING: sun.misc.Unsafe::allocateMemory will be removed in a future release
 {"metadata":{"emulator":{"name":"firestore"},"message":"WARNING: A terminally deprecated method in sun.misc.Unsafe has been called\nWARNING: sun.misc.Unsafe::allocateMemory has been called by io.netty.util.internal.PlatformDependent0$2 (file:/Users/oscargarita/.cache/firebase/emulators/cloud-firestore-emulator-v1.21.0.jar)\nWARNING: Please consider reporting this to the maintainers of class io.netty.util.internal.PlatformDependent0$2\nWARNING: sun.misc.Unsafe::allocateMemory will be removed in a future release\n"}}
[debug] [2026-06-02T06:26:07.231Z] Jun 02, 2026 12:26:07 AM com.google.cloud.datastore.emulator.firestore.websocket.WebSocketServer start
INFO: Started WebSocket server on ws://127.0.0.1:9150
 {"metadata":{"emulator":{"name":"firestore"},"message":"Jun 02, 2026 12:26:07 AM com.google.cloud.datastore.emulator.firestore.websocket.WebSocketServer start\nINFO: Started WebSocket server on ws://127.0.0.1:9150\n"}}
[debug] [2026-06-02T06:26:07.240Z] 
API endpoint: http:// {"metadata":{"emulator":{"name":"firestore"},"message":"\nAPI endpoint: http://"}}
[debug] [2026-06-02T06:26:07.240Z] 127.0.0.1:8080
Database Edition: STANDARD
Database Mode: CLOUD_FIRESTORE

If you are using a library that supports the FIRESTORE_EMULATOR_HOST environment variable, run:

   export FIRESTORE_EMULATOR_HOST=127.0.0.1:8080

If you are running a Firestore in Datastore Mode project, run:

   export DATASTORE_EMULATOR_HOST=127.0.0.1:8080

Note: Support for Datastore Mode is in preview. If you encounter any bugs please file at https://github.com/firebase/firebase-tools/issues.
Dev App Server is now running.

 {"metadata":{"emulator":{"name":"firestore"},"message":"127.0.0.1:8080\nDatabase Edition: STANDARD\nDatabase Mode: CLOUD_FIRESTORE\n\nIf you are using a library that supports the FIRESTORE_EMULATOR_HOST environment variable, run:\n\n   export FIRESTORE_EMULATOR_HOST=127.0.0.1:8080\n\nIf you are running a Firestore in Datastore Mode project, run:\n\n   export DATASTORE_EMULATOR_HOST=127.0.0.1:8080\n\nNote: Support for Datastore Mode is in preview. If you encounter any bugs please file at https://github.com/firebase/firebase-tools/issues.\nDev App Server is now running.\n\n"}}
[info] ✔  firestore: Firestore Emulator was started in standard edition. {"metadata":{"emulator":{"name":"firestore"},"message":"Firestore Emulator was started in standard edition."}}
[info] ✔  firestore: Firestore Emulator UI websocket is running on 9150. {"metadata":{"emulator":{"name":"firestore"},"message":"Firestore Emulator UI websocket is running on 9150."}}
[info] i  ui: downloading ui-v1.15.0.zip... {"metadata":{"emulator":{"name":"ui"},"message":"downloading ui-v1.15.0.zip..."}}
[debug] [2026-06-02T06:26:09.617Z] >>> [apiv2][query] GET https://storage.googleapis.com/firebase-preview-drop/emulator/ui-v1.15.0.zip 
[debug] [2026-06-02T06:26:09.691Z] <<< [apiv2][status] GET https://storage.googleapis.com/firebase-preview-drop/emulator/ui-v1.15.0.zip 200
[debug] [2026-06-02T06:26:09.691Z] <<< [apiv2][body] GET https://storage.googleapis.com/firebase-preview-drop/emulator/ui-v1.15.0.zip [stream]
[debug] [2026-06-02T06:26:17.763Z] Data is 3538469
[debug] [2026-06-02T06:26:17.763Z] [unzip] Entry: client/ (compressed_size=0 bytes, uncompressed_size=0 bytes)
[debug] [2026-06-02T06:26:17.763Z] [unzip] Processing entry: client/
[debug] [2026-06-02T06:26:17.763Z] [unzip] mkdir: /Users/oscargarita/.cache/firebase/emulators/ui-v1.15.0/client/
[debug] [2026-06-02T06:26:17.763Z] [unzip] Entry: client/favicon-16x16.png (compressed_size=293 bytes, uncompressed_size=293 bytes)
[debug] [2026-06-02T06:26:17.764Z] [unzip] Processing entry: client/favicon-16x16.png
[debug] [2026-06-02T06:26:17.764Z] [unzip] else mkdir: /Users/oscargarita/.cache/firebase/emulators/ui-v1.15.0/client
[debug] [2026-06-02T06:26:17.764Z] [unzip] Writing file: /Users/oscargarita/.cache/firebase/emulators/ui-v1.15.0/client/favicon-16x16.png
[debug] [2026-06-02T06:26:17.764Z] [unzip] Entry: client/safari-pinned-tab.svg (compressed_size=1433 bytes, uncompressed_size=2611 bytes)
[debug] [2026-06-02T06:26:17.764Z] [unzip] Processing entry: client/safari-pinned-tab.svg
[debug] [2026-06-02T06:26:17.764Z] [unzip] else mkdir: /Users/oscargarita/.cache/firebase/emulators/ui-v1.15.0/client
[debug] [2026-06-02T06:26:17.764Z] [unzip] deflating: /Users/oscargarita/.cache/firebase/emulators/ui-v1.15.0/client/safari-pinned-tab.svg
[debug] [2026-06-02T06:26:17.767Z] [unzip] Entry: client/favicon.ico (compressed_size=2933 bytes, uncompressed_size=13294 bytes)
[debug] [2026-06-02T06:26:17.767Z] [unzip] Processing entry: client/favicon.ico
[debug] [2026-06-02T06:26:17.767Z] [unzip] else mkdir: /Users/oscargarita/.cache/firebase/emulators/ui-v1.15.0/client
[debug] [2026-06-02T06:26:17.767Z] [unzip] deflating: /Users/oscargarita/.cache/firebase/emulators/ui-v1.15.0/client/favicon.ico
[debug] [2026-06-02T06:26:17.767Z] [unzip] Entry: client/index.html (compressed_size=1364 bytes, uncompressed_size=3071 bytes)
[debug] [2026-06-02T06:26:17.768Z] [unzip] Processing entry: client/index.html
[debug] [2026-06-02T06:26:17.768Z] [unzip] else mkdir: /Users/oscargarita/.cache/firebase/emulators/ui-v1.15.0/client
[debug] [2026-06-02T06:26:17.768Z] [unzip] deflating: /Users/oscargarita/.cache/firebase/emulators/ui-v1.15.0/client/index.html
[debug] [2026-06-02T06:26:17.768Z] [unzip] Entry: client/android-chrome-192x192.png (compressed_size=2684 bytes, uncompressed_size=2684 bytes)
[debug] [2026-06-02T06:26:17.768Z] [unzip] Processing entry: client/android-chrome-192x192.png
[debug] [2026-06-02T06:26:17.768Z] [unzip] else mkdir: /Users/oscargarita/.cache/firebase/emulators/ui-v1.15.0/client
[debug] [2026-06-02T06:26:17.768Z] [unzip] Writing file: /Users/oscargarita/.cache/firebase/emulators/ui-v1.15.0/client/android-chrome-192x192.png
[debug] [2026-06-02T06:26:17.768Z] [unzip] Entry: client/apple-touch-icon.png (compressed_size=2123 bytes, uncompressed_size=2152 bytes)
[debug] [2026-06-02T06:26:17.768Z] [unzip] Processing entry: client/apple-touch-icon.png
[debug] [2026-06-02T06:26:17.768Z] [unzip] else mkdir: /Users/oscargarita/.cache/firebase/emulators/ui-v1.15.0/client
[debug] [2026-06-02T06:26:17.768Z] [unzip] deflating: /Users/oscargarita/.cache/firebase/emulators/ui-v1.15.0/client/apple-touch-icon.png
[debug] [2026-06-02T06:26:17.769Z] [unzip] Entry: client/android-chrome-512x512.png (compressed_size=5369 bytes, uncompressed_size=5411 bytes)
[debug] [2026-06-02T06:26:17.769Z] [unzip] Processing entry: client/android-chrome-512x512.png
[debug] [2026-06-02T06:26:17.769Z] [unzip] else mkdir: /Users/oscargarita/.cache/firebase/emulators/ui-v1.15.0/client
[debug] [2026-06-02T06:26:17.769Z] [unzip] deflating: /Users/oscargarita/.cache/firebase/emulators/ui-v1.15.0/client/android-chrome-512x512.png
[debug] [2026-06-02T06:26:17.769Z] [unzip] Entry: client/manifest.json (compressed_size=245 bytes, uncompressed_size=551 bytes)
[debug] [2026-06-02T06:26:17.769Z] [unzip] Processing entry: client/manifest.json
[debug] [2026-06-02T06:26:17.769Z] [unzip] else mkdir: /Users/oscargarita/.cache/firebase/emulators/ui-v1.15.0/client
[debug] [2026-06-02T06:26:17.769Z] [unzip] deflating: /Users/oscargarita/.cache/firebase/emulators/ui-v1.15.0/client/manifest.json
[debug] [2026-06-02T06:26:17.770Z] [unzip] Entry: client/robots.txt (compressed_size=26 bytes, uncompressed_size=26 bytes)
[debug] [2026-06-02T06:26:17.770Z] [unzip] Processing entry: client/robots.txt
[debug] [2026-06-02T06:26:17.770Z] [unzip] else mkdir: /Users/oscargarita/.cache/firebase/emulators/ui-v1.15.0/client
[debug] [2026-06-02T06:26:17.770Z] [unzip] Writing file: /Users/oscargarita/.cache/firebase/emulators/ui-v1.15.0/client/robots.txt
[debug] [2026-06-02T06:26:17.770Z] [unzip] Entry: client/mstile-150x150.png (compressed_size=2034 bytes, uncompressed_size=2034 bytes)
[debug] [2026-06-02T06:26:17.770Z] [unzip] Processing entry: client/mstile-150x150.png
[debug] [2026-06-02T06:26:17.770Z] [unzip] else mkdir: /Users/oscargarita/.cache/firebase/emulators/ui-v1.15.0/client
[debug] [2026-06-02T06:26:17.770Z] [unzip] Writing file: /Users/oscargarita/.cache/firebase/emulators/ui-v1.15.0/client/mstile-150x150.png
[debug] [2026-06-02T06:26:17.770Z] [unzip] Entry: client/assets/ (compressed_size=0 bytes, uncompressed_size=0 bytes)
[debug] [2026-06-02T06:26:17.770Z] [unzip] Processing entry: client/assets/
[debug] [2026-06-02T06:26:17.770Z] [unzip] mkdir: /Users/oscargarita/.cache/firebase/emulators/ui-v1.15.0/client/assets/
[debug] [2026-06-02T06:26:17.770Z] [unzip] Entry: client/assets/index-BX-A56oj.js (compressed_size=582089 bytes, uncompressed_size=2092775 bytes)
[debug] [2026-06-02T06:26:17.770Z] [unzip] Processing entry: client/assets/index-BX-A56oj.js
[debug] [2026-06-02T06:26:17.770Z] [unzip] else mkdir: /Users/oscargarita/.cache/firebase/emulators/ui-v1.15.0/client/assets
[debug] [2026-06-02T06:26:17.770Z] [unzip] deflating: /Users/oscargarita/.cache/firebase/emulators/ui-v1.15.0/client/assets/index-BX-A56oj.js
[debug] [2026-06-02T06:26:17.776Z] [unzip] Entry: client/assets/index-CjB9C900.css (compressed_size=35979 bytes, uncompressed_size=298654 bytes)
[debug] [2026-06-02T06:26:17.776Z] [unzip] Processing entry: client/assets/index-CjB9C900.css
[debug] [2026-06-02T06:26:17.776Z] [unzip] else mkdir: /Users/oscargarita/.cache/firebase/emulators/ui-v1.15.0/client/assets
[debug] [2026-06-02T06:26:17.776Z] [unzip] deflating: /Users/oscargarita/.cache/firebase/emulators/ui-v1.15.0/client/assets/index-CjB9C900.css
[debug] [2026-06-02T06:26:17.778Z] [unzip] Entry: client/assets/index-BX-A56oj.js.map (compressed_size=2362482 bytes, uncompressed_size=10036679 bytes)
[debug] [2026-06-02T06:26:17.778Z] [unzip] Processing entry: client/assets/index-BX-A56oj.js.map
[debug] [2026-06-02T06:26:17.778Z] [unzip] else mkdir: /Users/oscargarita/.cache/firebase/emulators/ui-v1.15.0/client/assets
[debug] [2026-06-02T06:26:17.778Z] [unzip] deflating: /Users/oscargarita/.cache/firebase/emulators/ui-v1.15.0/client/assets/index-BX-A56oj.js.map
[debug] [2026-06-02T06:26:17.799Z] [unzip] Entry: client/assets/extensions/ (compressed_size=0 bytes, uncompressed_size=0 bytes)
[debug] [2026-06-02T06:26:17.799Z] [unzip] Processing entry: client/assets/extensions/
[debug] [2026-06-02T06:26:17.799Z] [unzip] mkdir: /Users/oscargarita/.cache/firebase/emulators/ui-v1.15.0/client/assets/extensions/
[debug] [2026-06-02T06:26:17.800Z] [unzip] Entry: client/assets/extensions/default-extension.png (compressed_size=1646 bytes, uncompressed_size=1657 bytes)
[debug] [2026-06-02T06:26:17.800Z] [unzip] Processing entry: client/assets/extensions/default-extension.png
[debug] [2026-06-02T06:26:17.800Z] [unzip] else mkdir: /Users/oscargarita/.cache/firebase/emulators/ui-v1.15.0/client/assets/extensions
[debug] [2026-06-02T06:26:17.800Z] [unzip] deflating: /Users/oscargarita/.cache/firebase/emulators/ui-v1.15.0/client/assets/extensions/default-extension.png
[debug] [2026-06-02T06:26:17.800Z] [unzip] Entry: client/assets/img/ (compressed_size=0 bytes, uncompressed_size=0 bytes)
[debug] [2026-06-02T06:26:17.800Z] [unzip] Processing entry: client/assets/img/
[debug] [2026-06-02T06:26:17.800Z] [unzip] mkdir: /Users/oscargarita/.cache/firebase/emulators/ui-v1.15.0/client/assets/img/
[debug] [2026-06-02T06:26:17.800Z] [unzip] Entry: client/assets/img/database.png (compressed_size=29449 bytes, uncompressed_size=29988 bytes)
[debug] [2026-06-02T06:26:17.800Z] [unzip] Processing entry: client/assets/img/database.png
[debug] [2026-06-02T06:26:17.800Z] [unzip] else mkdir: /Users/oscargarita/.cache/firebase/emulators/ui-v1.15.0/client/assets/img
[debug] [2026-06-02T06:26:17.800Z] [unzip] deflating: /Users/oscargarita/.cache/firebase/emulators/ui-v1.15.0/client/assets/img/database.png
[debug] [2026-06-02T06:26:17.801Z] [unzip] Entry: client/assets/provider-icons/ (compressed_size=0 bytes, uncompressed_size=0 bytes)
[debug] [2026-06-02T06:26:17.801Z] [unzip] Processing entry: client/assets/provider-icons/
[debug] [2026-06-02T06:26:17.801Z] [unzip] mkdir: /Users/oscargarita/.cache/firebase/emulators/ui-v1.15.0/client/assets/provider-icons/
[debug] [2026-06-02T06:26:17.801Z] [unzip] Entry: client/assets/provider-icons/auth_service_saml.svg (compressed_size=575 bytes, uncompressed_size=1226 bytes)
[debug] [2026-06-02T06:26:17.801Z] [unzip] Processing entry: client/assets/provider-icons/auth_service_saml.svg
[debug] [2026-06-02T06:26:17.801Z] [unzip] else mkdir: /Users/oscargarita/.cache/firebase/emulators/ui-v1.15.0/client/assets/provider-icons
[debug] [2026-06-02T06:26:17.801Z] [unzip] deflating: /Users/oscargarita/.cache/firebase/emulators/ui-v1.15.0/client/assets/provider-icons/auth_service_saml.svg
[debug] [2026-06-02T06:26:17.801Z] [unzip] Entry: client/assets/provider-icons/auth_service_phone.svg (compressed_size=261 bytes, uncompressed_size=414 bytes)
[debug] [2026-06-02T06:26:17.801Z] [unzip] Processing entry: client/assets/provider-icons/auth_service_phone.svg
[debug] [2026-06-02T06:26:17.801Z] [unzip] else mkdir: /Users/oscargarita/.cache/firebase/emulators/ui-v1.15.0/client/assets/provider-icons
[debug] [2026-06-02T06:26:17.801Z] [unzip] deflating: /Users/oscargarita/.cache/firebase/emulators/ui-v1.15.0/client/assets/provider-icons/auth_service_phone.svg
[debug] [2026-06-02T06:26:17.802Z] [unzip] Entry: client/assets/provider-icons/auth_service_facebook.svg (compressed_size=289 bytes, uncompressed_size=457 bytes)
[debug] [2026-06-02T06:26:17.802Z] [unzip] Processing entry: client/assets/provider-icons/auth_service_facebook.svg
[debug] [2026-06-02T06:26:17.802Z] [unzip] else mkdir: /Users/oscargarita/.cache/firebase/emulators/ui-v1.15.0/client/assets/provider-icons
[debug] [2026-06-02T06:26:17.802Z] [unzip] deflating: /Users/oscargarita/.cache/firebase/emulators/ui-v1.15.0/client/assets/provider-icons/auth_service_facebook.svg
[debug] [2026-06-02T06:26:17.803Z] [unzip] Entry: client/assets/provider-icons/auth_service_game_center.svg (compressed_size=991 bytes, uncompressed_size=3921 bytes)
[debug] [2026-06-02T06:26:17.803Z] [unzip] Processing entry: client/assets/provider-icons/auth_service_game_center.svg
[debug] [2026-06-02T06:26:17.803Z] [unzip] else mkdir: /Users/oscargarita/.cache/firebase/emulators/ui-v1.15.0/client/assets/provider-icons
[debug] [2026-06-02T06:26:17.803Z] [unzip] deflating: /Users/oscargarita/.cache/firebase/emulators/ui-v1.15.0/client/assets/provider-icons/auth_service_game_center.svg
[debug] [2026-06-02T06:26:17.804Z] [unzip] Entry: client/assets/provider-icons/auth_service_apple.svg (compressed_size=230 bytes, uncompressed_size=334 bytes)
[debug] [2026-06-02T06:26:17.804Z] [unzip] Processing entry: client/assets/provider-icons/auth_service_apple.svg
[debug] [2026-06-02T06:26:17.804Z] [unzip] else mkdir: /Users/oscargarita/.cache/firebase/emulators/ui-v1.15.0/client/assets/provider-icons
[debug] [2026-06-02T06:26:17.804Z] [unzip] deflating: /Users/oscargarita/.cache/firebase/emulators/ui-v1.15.0/client/assets/provider-icons/auth_service_apple.svg
[debug] [2026-06-02T06:26:17.804Z] [unzip] Entry: client/assets/provider-icons/auth_service_github.svg (compressed_size=466 bytes, uncompressed_size=838 bytes)
[debug] [2026-06-02T06:26:17.804Z] [unzip] Processing entry: client/assets/provider-icons/auth_service_github.svg
[debug] [2026-06-02T06:26:17.804Z] [unzip] else mkdir: /Users/oscargarita/.cache/firebase/emulators/ui-v1.15.0/client/assets/provider-icons
[debug] [2026-06-02T06:26:17.804Z] [unzip] deflating: /Users/oscargarita/.cache/firebase/emulators/ui-v1.15.0/client/assets/provider-icons/auth_service_github.svg
[debug] [2026-06-02T06:26:17.805Z] [unzip] Entry: client/assets/provider-icons/auth_service_mslive.svg (compressed_size=203 bytes, uncompressed_size=378 bytes)
[debug] [2026-06-02T06:26:17.805Z] [unzip] Processing entry: client/assets/provider-icons/auth_service_mslive.svg
[debug] [2026-06-02T06:26:17.805Z] [unzip] else mkdir: /Users/oscargarita/.cache/firebase/emulators/ui-v1.15.0/client/assets/provider-icons
[debug] [2026-06-02T06:26:17.805Z] [unzip] deflating: /Users/oscargarita/.cache/firebase/emulators/ui-v1.15.0/client/assets/provider-icons/auth_service_mslive.svg
[debug] [2026-06-02T06:26:17.805Z] [unzip] Entry: client/assets/provider-icons/auth_service_yahoo.svg (compressed_size=577 bytes, uncompressed_size=1182 bytes)
[debug] [2026-06-02T06:26:17.805Z] [unzip] Processing entry: client/assets/provider-icons/auth_service_yahoo.svg
[debug] [2026-06-02T06:26:17.805Z] [unzip] else mkdir: /Users/oscargarita/.cache/firebase/emulators/ui-v1.15.0/client/assets/provider-icons
[debug] [2026-06-02T06:26:17.805Z] [unzip] deflating: /Users/oscargarita/.cache/firebase/emulators/ui-v1.15.0/client/assets/provider-icons/auth_service_yahoo.svg
[debug] [2026-06-02T06:26:17.806Z] [unzip] Entry: client/assets/provider-icons/auth_service_twitter.svg (compressed_size=444 bytes, uncompressed_size=751 bytes)
[debug] [2026-06-02T06:26:17.806Z] [unzip] Processing entry: client/assets/provider-icons/auth_service_twitter.svg
[debug] [2026-06-02T06:26:17.806Z] [unzip] else mkdir: /Users/oscargarita/.cache/firebase/emulators/ui-v1.15.0/client/assets/provider-icons
[debug] [2026-06-02T06:26:17.806Z] [unzip] deflating: /Users/oscargarita/.cache/firebase/emulators/ui-v1.15.0/client/assets/provider-icons/auth_service_twitter.svg
[debug] [2026-06-02T06:26:17.806Z] [unzip] Entry: client/assets/provider-icons/auth_service_play_games.svg (compressed_size=565 bytes, uncompressed_size=1173 bytes)
[debug] [2026-06-02T06:26:17.806Z] [unzip] Processing entry: client/assets/provider-icons/auth_service_play_games.svg
[debug] [2026-06-02T06:26:17.806Z] [unzip] else mkdir: /Users/oscargarita/.cache/firebase/emulators/ui-v1.15.0/client/assets/provider-icons
[debug] [2026-06-02T06:26:17.806Z] [unzip] deflating: /Users/oscargarita/.cache/firebase/emulators/ui-v1.15.0/client/assets/provider-icons/auth_service_play_games.svg
[debug] [2026-06-02T06:26:17.807Z] [unzip] Entry: client/assets/provider-icons/auth_service_email.svg (compressed_size=228 bytes, uncompressed_size=326 bytes)
[debug] [2026-06-02T06:26:17.807Z] [unzip] Processing entry: client/assets/provider-icons/auth_service_email.svg
[debug] [2026-06-02T06:26:17.807Z] [unzip] else mkdir: /Users/oscargarita/.cache/firebase/emulators/ui-v1.15.0/client/assets/provider-icons
[debug] [2026-06-02T06:26:17.807Z] [unzip] deflating: /Users/oscargarita/.cache/firebase/emulators/ui-v1.15.0/client/assets/provider-icons/auth_service_email.svg
[debug] [2026-06-02T06:26:17.807Z] [unzip] Entry: client/assets/provider-icons/auth_service_google.svg (compressed_size=409 bytes, uncompressed_size=720 bytes)
[debug] [2026-06-02T06:26:17.807Z] [unzip] Processing entry: client/assets/provider-icons/auth_service_google.svg
[debug] [2026-06-02T06:26:17.807Z] [unzip] else mkdir: /Users/oscargarita/.cache/firebase/emulators/ui-v1.15.0/client/assets/provider-icons
[debug] [2026-06-02T06:26:17.807Z] [unzip] deflating: /Users/oscargarita/.cache/firebase/emulators/ui-v1.15.0/client/assets/provider-icons/auth_service_google.svg
[debug] [2026-06-02T06:26:17.808Z] [unzip] Entry: client/assets/provider-icons/auth_service_oidc.svg (compressed_size=414 bytes, uncompressed_size=858 bytes)
[debug] [2026-06-02T06:26:17.808Z] [unzip] Processing entry: client/assets/provider-icons/auth_service_oidc.svg
[debug] [2026-06-02T06:26:17.808Z] [unzip] else mkdir: /Users/oscargarita/.cache/firebase/emulators/ui-v1.15.0/client/assets/provider-icons
[debug] [2026-06-02T06:26:17.808Z] [unzip] deflating: /Users/oscargarita/.cache/firebase/emulators/ui-v1.15.0/client/assets/provider-icons/auth_service_oidc.svg
[debug] [2026-06-02T06:26:17.808Z] [unzip] Entry: client/browserconfig.xml (compressed_size=491 bytes, uncompressed_size=822 bytes)
[debug] [2026-06-02T06:26:17.808Z] [unzip] Processing entry: client/browserconfig.xml
[debug] [2026-06-02T06:26:17.808Z] [unzip] else mkdir: /Users/oscargarita/.cache/firebase/emulators/ui-v1.15.0/client
[debug] [2026-06-02T06:26:17.808Z] [unzip] deflating: /Users/oscargarita/.cache/firebase/emulators/ui-v1.15.0/client/browserconfig.xml
[debug] [2026-06-02T06:26:17.809Z] [unzip] Entry: client/favicon-32x32.png (compressed_size=475 bytes, uncompressed_size=475 bytes)
[debug] [2026-06-02T06:26:17.809Z] [unzip] Processing entry: client/favicon-32x32.png
[debug] [2026-06-02T06:26:17.809Z] [unzip] else mkdir: /Users/oscargarita/.cache/firebase/emulators/ui-v1.15.0/client
[debug] [2026-06-02T06:26:17.809Z] [unzip] Writing file: /Users/oscargarita/.cache/firebase/emulators/ui-v1.15.0/client/favicon-32x32.png
[debug] [2026-06-02T06:26:17.809Z] [unzip] Entry: server/ (compressed_size=0 bytes, uncompressed_size=0 bytes)
[debug] [2026-06-02T06:26:17.809Z] [unzip] Processing entry: server/
[debug] [2026-06-02T06:26:17.809Z] [unzip] mkdir: /Users/oscargarita/.cache/firebase/emulators/ui-v1.15.0/server/
[debug] [2026-06-02T06:26:17.809Z] [unzip] Entry: server/server.mjs.map (compressed_size=217845 bytes, uncompressed_size=944978 bytes)
[debug] [2026-06-02T06:26:17.809Z] [unzip] Processing entry: server/server.mjs.map
[debug] [2026-06-02T06:26:17.809Z] [unzip] else mkdir: /Users/oscargarita/.cache/firebase/emulators/ui-v1.15.0/server
[debug] [2026-06-02T06:26:17.809Z] [unzip] deflating: /Users/oscargarita/.cache/firebase/emulators/ui-v1.15.0/server/server.mjs.map
[debug] [2026-06-02T06:26:17.816Z] [unzip] Entry: server/server.mjs (compressed_size=276407 bytes, uncompressed_size=933701 bytes)
[debug] [2026-06-02T06:26:17.816Z] [unzip] Processing entry: server/server.mjs
[debug] [2026-06-02T06:26:17.816Z] [unzip] else mkdir: /Users/oscargarita/.cache/firebase/emulators/ui-v1.15.0/server
[debug] [2026-06-02T06:26:17.816Z] [unzip] deflating: /Users/oscargarita/.cache/firebase/emulators/ui-v1.15.0/server/server.mjs
[debug] [2026-06-02T06:26:17.819Z] [Extensions] Connecting Extensions emulator, this is a noop.
[info] i  functions: Watching "/Users/oscargarita/dev/quiniela/functions" for Cloud Functions... {"metadata":{"emulator":{"name":"functions"},"message":"Watching \"/Users/oscargarita/dev/quiniela/functions\" for Cloud Functions..."}}
[debug] [2026-06-02T06:26:17.821Z] Validating nodejs source
[warn] ⚠  functions: Couldn't find firebase-functions package in your source code. Have you run 'npm install'? 
[debug] [2026-06-02T06:26:17.822Z] getFunctionsSDKVersion encountered error: Cannot find module 'firebase-functions'
Require stack:
- /Users/oscargarita/.nvm/versions/node/v22.20.0/lib/node_modules/firebase-tools/lib/deploy/functions/runtimes/node/versioning.js
- /Users/oscargarita/.nvm/versions/node/v22.20.0/lib/node_modules/firebase-tools/lib/deploy/functions/runtimes/node/index.js
- /Users/oscargarita/.nvm/versions/node/v22.20.0/lib/node_modules/firebase-tools/lib/deploy/functions/runtimes/index.js
- /Users/oscargarita/.nvm/versions/node/v22.20.0/lib/node_modules/firebase-tools/lib/deploy/functions/prepare.js
- /Users/oscargarita/.nvm/versions/node/v22.20.0/lib/node_modules/firebase-tools/lib/emulator/functionsEmulatorShared.js
- /Users/oscargarita/.nvm/versions/node/v22.20.0/lib/node_modules/firebase-tools/lib/emulator/functionsEmulator.js
- /Users/oscargarita/.nvm/versions/node/v22.20.0/lib/node_modules/firebase-tools/lib/emulator/controller.js
- /Users/oscargarita/.nvm/versions/node/v22.20.0/lib/node_modules/firebase-tools/lib/commands/emulators-start.js
- /Users/oscargarita/.nvm/versions/node/v22.20.0/lib/node_modules/firebase-tools/lib/commands/index.js
- /Users/oscargarita/.nvm/versions/node/v22.20.0/lib/node_modules/firebase-tools/lib/index.js
- /Users/oscargarita/.nvm/versions/node/v22.20.0/lib/node_modules/firebase-tools/lib/bin/cli.js
- /Users/oscargarita/.nvm/versions/node/v22.20.0/lib/node_modules/firebase-tools/lib/bin/firebase.js {"code":"MODULE_NOT_FOUND","requireStack":["/Users/oscargarita/.nvm/versions/node/v22.20.0/lib/node_modules/firebase-tools/lib/deploy/functions/runtimes/node/versioning.js","/Users/oscargarita/.nvm/versions/node/v22.20.0/lib/node_modules/firebase-tools/lib/deploy/functions/runtimes/node/index.js","/Users/oscargarita/.nvm/versions/node/v22.20.0/lib/node_modules/firebase-tools/lib/deploy/functions/runtimes/index.js","/Users/oscargarita/.nvm/versions/node/v22.20.0/lib/node_modules/firebase-tools/lib/deploy/functions/prepare.js","/Users/oscargarita/.nvm/versions/node/v22.20.0/lib/node_modules/firebase-tools/lib/emulator/functionsEmulatorShared.js","/Users/oscargarita/.nvm/versions/node/v22.20.0/lib/node_modules/firebase-tools/lib/emulator/functionsEmulator.js","/Users/oscargarita/.nvm/versions/node/v22.20.0/lib/node_modules/firebase-tools/lib/emulator/controller.js","/Users/oscargarita/.nvm/versions/node/v22.20.0/lib/node_modules/firebase-tools/lib/commands/emulators-start.js","/Users/oscargarita/.nvm/versions/node/v22.20.0/lib/node_modules/firebase-tools/lib/commands/index.js","/Users/oscargarita/.nvm/versions/node/v22.20.0/lib/node_modules/firebase-tools/lib/index.js","/Users/oscargarita/.nvm/versions/node/v22.20.0/lib/node_modules/firebase-tools/lib/bin/cli.js","/Users/oscargarita/.nvm/versions/node/v22.20.0/lib/node_modules/firebase-tools/lib/bin/firebase.js"]}
[debug] [2026-06-02T06:26:17.822Z] checkFunctionsSDKVersion encountered error: Invalid Version:  {}
[debug] [2026-06-02T06:26:17.823Z] > [functions] package.json contents: {
  "name": "quiniela-functions",
  "version": "1.0.0",
  "private": true,
  "scripts": {
    "build": "tsc",
    "serve": "npm run build && firebase emulators:start --only functions",
    "deploy": "firebase deploy --only functions"
  },
  "engines": {
    "node": "20"
  },
  "main": "lib/index.js",
  "dependencies": {
    "firebase-admin": "^13.0.0",
    "firebase-functions": "^6.0.0"
  },
  "devDependencies": {
    "typescript": "^5.0.0"
  }
}
[error] ⬢  functions: Failed to load function definition from source: FirebaseError: There was an error reading functions/package.json:

 functions/lib/index.js does not exist, can't deploy Cloud Functions {"metadata":{"emulator":{"name":"functions"},"message":"Failed to load function definition from source: FirebaseError: There was an error reading functions/package.json:\n\n functions/lib/index.js does not exist, can't deploy Cloud Functions"}}
[debug] [2026-06-02T06:26:17.826Z] Could not find VSCode notification endpoint: FetchError: request to http://localhost:40001/vscode/notify failed, reason: . If you are not running the Firebase SQL Connect VSCode extension, this is expected and not an issue.
[info] 
┌─────────────────────────────────────────────────────────────┐
│ ✔  All emulators ready! It is now safe to connect your app. │
│ i  View Emulator UI at http://127.0.0.1:4000/               │
└─────────────────────────────────────────────────────────────┘

┌────────────────┬────────────────┬──────────────────────────────────┐
│ Emulator       │ Host:Port      │ View in Emulator UI              │
├────────────────┼────────────────┼──────────────────────────────────┤
│ Authentication │ 127.0.0.1:9099 │ http://127.0.0.1:4000/auth       │
├────────────────┼────────────────┼──────────────────────────────────┤
│ Functions      │ 127.0.0.1:5001 │ http://127.0.0.1:4000/functions  │
├────────────────┼────────────────┼──────────────────────────────────┤
│ Firestore      │ 127.0.0.1:8080 │ http://127.0.0.1:4000/firestore  │
├────────────────┼────────────────┼──────────────────────────────────┤
│ Extensions     │ 127.0.0.1:5001 │ http://127.0.0.1:4000/extensions │
└────────────────┴────────────────┴──────────────────────────────────┘
  Emulator Hub host: 127.0.0.1 port: 4400
  Other reserved ports: 4500, 9150
┌─────────────────────────┬───────────────┬─────────────────────┐
│ Extension Instance Name │ Extension Ref │ View in Emulator UI │
└─────────────────────────┴───────────────┴─────────────────────┘
Issues? Report them at https://github.com/firebase/firebase-tools/issues and attach the *-debug.log files.
 
